make all --print-data-base --no-builtin-variables --no-builtin-rules --question
# GNU Make 3.81
# Copyright (C) 2006  Free Software Foundation, Inc.
# This is free software; see the source for copying conditions.
# There is NO warranty; not even for MERCHANTABILITY or FITNESS FOR A
# PARTICULAR PURPOSE.

# This program built for i386-apple-darwin11.3.0
 
make: *** No rule to make target `all'.  Stop.


# Make data base, printed on Fri Jul  1 14:49:33 2022

# Variables

# automatic
<D = $(patsubst %/,%,$(dir $<))
# automatic
?F = $(notdir $?)
# environment
ELECTRON_NO_ATTACH_CONSOLE = 1
# environment
VSCODE_LOG_NATIVE = false
# automatic
?D = $(patsubst %/,%,$(dir $?))
# automatic
@D = $(patsubst %/,%,$(dir $@))
# automatic
 
@F = $(notdir $@)
# makefile
CURDIR := /Users/harshadbhatia/Desktop/Demyst/repos/production-account-infra/improved-cdk-constructs
# makefile
SHELL = /bin/sh
# environment
VSCODE_NLS_CONFIG = {"locale":"en-gb","availableLanguages":{},"_languagePackSupport":true}
# environment
_ = /usr/bin/make
# makefile (from `Makefile', line 1)
MAKEFILE_LIST :=  Makefile
# makefile (from `Makefile', line 9)
CONFIG_DIR = config/${ACCOUNT_NAME}
# environment
VSCODE_VERBOSE_LOGGING = true
# environment
__CFBundleIdentifier = com.microsoft.VSCode
# environment
INFOPATH = /opt/homebrew/share/info:
# environment
P9K_SSH = 0
# environment
VSCODE_IPC_HOOK_EXTHOST = /var/folders/b7/7v_0n9hn4q51n53rs5t9sjg80000gp/T/vscode-ipc-7f9fb148-7436-4de9-b325-fe71bc103dc5.sock
# environment
VSCODE_CWD = /Users/harshadbhatia/Desktop/Demyst/repos/production-account-infra/improved-cdk-constructs
# environment
PATH = /Users/harshadbhatia/.gem/ruby/2.6.0/bin:/opt/homebrew/bin:/opt/homebrew/sbin:/usr/local/bin:/usr/bin:/bin:/usr/sbin:/sbin:/Library/Apple/usr/bin:/Users/harshadbhatia/.krew/bin
# environment
LSCOLORS = Gxfxcxdxbxegedabagacad
# makefile (from `Makefile', line 7)
NODE_ENV = dev
# makefile (from `Makefile', line 15)
CDK_DEFAULT_ACCOUNT = $(ACCOUNT_ID)
# environment
LaunchInstanceID = AC202CC0-FDC7-47D0-BE9C-DDCB95A206DB
# environment
VSCODE_LOG_STACK = false
# environment
ELECTRON_RUN_AS_NODE = 1
# makefile (from `Makefile', line 4)
ACCOUNT_NAME := dataco-platform-dev
# default
.FEATURES := target-specific order-only second-expansion else-if archives jobserver check-symlink
# environment
SSH_AUTH_SOCK = /private/tmp/com.apple.launchd.wo54hhOOkJ/Listeners
# automatic
%F = $(notdir $%)
# environment
VSCODE_PIPE_LOGGING = true
# environment
PWD = /Users/harshadbhatia/Desktop/Demyst/repos/production-account-infra/improved-cdk-constructs
# environment
HOMEBREW_CELLAR = /opt/homebrew/Cellar
# environment
ORIGINAL_XDG_CURRENT_DESKTOP = undefined
# makefile (from `Makefile', line 16)
CDK_DEFAULT_REGION = $(ACCOUNT_REGION)
# environment
MANPATH = /opt/homebrew/share/man::
# environment
VSCODE_AMD_ENTRYPOINT = vs/workbench/api/node/extensionHostProcess
# environment
HOME = /Users/harshadbhatia
# default
MAKEFILEPATH = $(shell /usr/bin/xcode-select -print-path 2>/dev/null || echo /Developer)/Makefiles
# environment
VSCODE_CLI = 1
# environment
VSCODE_CODE_CACHE_PATH = /Users/harshadbhatia/Library/Application Support/Code/CachedData/30d9c6cd9483b2cc586687151bcbcd635f373630
# environment
LOGNAME = harshadbhatia
# environment
APPLICATION_INSIGHTS_NO_DIAGNOSTIC_CHANNEL = 1
# environment
ZSH = /Users/harshadbhatia/.oh-my-zsh
# environment
VSCODE_HANDLES_UNCAUGHT_ERRORS = true
# automatic
^D = $(patsubst %/,%,$(dir $^))
# environment
XPC_FLAGS = 0x0
# environment
COLORTERM = truecolor
# default
MAKE = $(MAKE_COMMAND)
# environment
LC_TERMINAL = iTerm2
# environment
SHLVL = 3
# makefile (from `Makefile', line 6)
ACCOUNT_REGION = ap-southeast-2
# default
MAKE_VERSION := 3.81
# environment
USER = harshadbhatia
# makefile
.DEFAULT_GOAL := cdk-deploy
# default
MAKECMDGOALS := all
# environment
TERM_SESSION_ID = w1t0p0:483773C7-4358-4605-A967-BF6FB2960967
# environment
LESS = -R
# automatic
%D = $(patsubst %/,%,$(dir $%))
# default
MAKE_COMMAND := /Library/Developer/CommandLineTools/usr/bin/make
# environment
TERM_PROGRAM = iTerm.app
# default
.VARIABLES := 
# environment
TMPDIR = /var/folders/b7/7v_0n9hn4q51n53rs5t9sjg80000gp/T/
# automatic
*F = $(notdir $*)
# environment
VSCODE_IPC_HOOK = /Users/harshadbhatia/Library/Application Support/Code/1.68.1-main.sock
# makefile
MAKEFLAGS = Rrqp
# environment
MFLAGS = -Rrqp
# automatic
*D = $(patsubst %/,%,$(dir $*))
# environment
TERM_PROGRAM_VERSION = 3.4.15
# makefile (from `Makefile', line 3)
ACCOUNT_ID = $(shell aws sts get-caller-identity --query Account --output text)
# environment
XPC_SERVICE_NAME = application.com.microsoft.VSCode.4346205.4346211.26F89B99-C56A-43F9-94BD-FE76CC163037
# environment
LC_TERMINAL_VERSION = 3.4.15
# environment
HOMEBREW_PREFIX = /opt/homebrew
# automatic
+D = $(patsubst %/,%,$(dir $+))
# automatic
+F = $(notdir $+)
# environment
ITERM_SESSION_ID = w1t0p0:483773C7-4358-4605-A967-BF6FB2960967
# environment
HOMEBREW_REPOSITORY = /opt/homebrew
# environment
COLORFGBG = 7;0
# environment
__CF_USER_TEXT_ENCODING = 0x1F6:0:15
# environment
COMMAND_MODE = unix2003
# default
MAKEFILES := 
# automatic
<F = $(notdir $<)
# environment
ITERM_PROFILE = Default
# environment
PAGER = less
# environment
LC_ALL = C
# environment
SECURITYSESSIONID = 186b2
# environment
P9K_TTY = old
# automatic
^F = $(notdir $^)
# default
SUFFIXES := 
# environment
MAKELEVEL := 0
# environment
LANG = C
# environment
TERM = xterm-256color
# environment
_P9K_TTY = /dev/ttys001
# environment
VSCODE_PID = 600
# variable set hash-table stats:
# Load=94/1024=9%, Rehash=0, Collisions=9/123=7%

# Pattern-specific Variable Values

# No pattern-specific variable values.

# Directories

# . (device 16777233, inode 4271756): 27 files, no impossibilities.

# 27 files, no impossibilities in 1 directories.

# Implicit Rules

cdk-synth-%:
#  commands to execute (from `Makefile', line 25):
	CDK_DEFAULT_ACCOUNT=$(ACCOUNT_ID); CDK_DEFAULT_REGION=$(ACCOUNT_REGION); \
	cdk synth -v $*
	

cdk-deploy-%:
#  commands to execute (from `Makefile', line 29):
	CDK_DEFAULT_ACCOUNT=$(ACCOUNT_ID); CDK_DEFAULT_REGION=$(ACCOUNT_REGION); \
	cdk deploy -v $* --require-approval never
	

# 2 implicit rules, 0 (0.0%) terminal.

# Files

.ONESHELL:
#  Implicit rule search has not been done.
#  Modification time never checked.
#  File has not been updated.

cdk-deploy:
#  Implicit rule search has not been done.
#  Modification time never checked.
#  File has not been updated.
#  commands to execute (from `Makefile', line 19):
	@echo "--- Deployment"
	docker run -e NODE_ENV=$(NODE_ENV) \
	-e CDK_DEFAULT_ACCOUNT=$(ACCOUNT_ID) -e CDK_DEFAULT_REGION=$(ACCOUNT_REGION) \
	-t cdk cdk deploy -v --all --require-approval never
	

# Not a target:
all:
#  Command-line target.
#  Implicit rule search has been done.
#  File does not exist.
#  File has not been updated.
# variable set hash-table stats:
# Load=0/32=0%, Rehash=0, Collisions=0/0=0%

# Not a target:
.SUFFIXES:
#  Implicit rule search has not been done.
#  Modification time never checked.
#  File has not been updated.

# Not a target:
Makefile:
#  Implicit rule search has been done.
#  Last modified 2022-06-22 16:25:26
#  File has been updated.
#  Successfully updated.
# variable set hash-table stats:
# Load=0/32=0%, Rehash=0, Collisions=0/0=0%

set-git-config:
#  Implicit rule search has not been done.
#  Modification time never checked.
#  File has not been updated.
#  commands to execute (from `Makefile', line 33):
	git config --global user.email "harshadbhatia2012@gmail.com"
	git config --global user.name "Harshad Bhatia"
	

release: set-git-config
#  Implicit rule search has not been done.
#  Modification time never checked.
#  File has not been updated.
#  commands to execute (from `Makefile', line 37):
	yarn run clean && yarn run build && yarn run release && \
	git push --follow-tags origin master && yarn publish --access public
	

# Not a target:
.DEFAULT:
#  Implicit rule search has not been done.
#  Modification time never checked.
#  File has not been updated.

git-force-push:
#  Implicit rule search has not been done.
#  Modification time never checked.
#  File has not been updated.
#  commands to execute (from `Makefile', line 45):
	rm -rf .git
	git init
	git add .
	git commit -m "feat: initial commit"
	git remote add origin https://github.com/harshadbhatia/improved-cdk-constructs.git
	git push origin master --force
	

install-husky:
#  Implicit rule search has not been done.
#  Modification time never checked.
#  File has not been updated.
#  commands to execute (from `Makefile', line 41):
	npx husky install
	npx husky add .husky/commit-msg "npx commitlint --edit $1"
	

# files hash-table stats:
# Load=10/1024=1%, Rehash=0, Collisions=0/23=0%
# VPATH Search Paths

# No `vpath' search paths.

# No general (`VPATH' variable) search path.

# # of strings in strcache: 1
# # of strcache buffers: 1
 
# strcache size: total = 4096 / max = 4096 / min = 4096 / avg = 4096
# strcache free: total = 4087 / max = 4087 / min = 4087 / avg = 4087

# Finished Make data base on Fri Jul  1 14:49:33 2022

 
